1650001319181	geckodriver	INFO	Listening on 127.0.0.1:55715
1650001322240	mozrunner::runner	INFO	Running command: "C:\\Program Files\\Mozilla Firefox\\firefox.exe" "--marionette" "--remote-debugging-port" "55716" "--remote-allow-hosts" "localhost" "-no-remote" "-profile" "C:\\Users\\Islambek\\AppData\\Local\\Temp\\rust_mozprofilebv2cg6"
1650001322520	Marionette	INFO	Marionette enabled
console.warn: SearchSettings: "get: No settings file exists, new profile?" (new NotFoundError("Could not open the file at C:\\Users\\Islambek\\AppData\\Local\\Temp\\rust_mozprofilebv2cg6\\search.json.mozlz4", (void 0)))
DevTools listening on ws://localhost:55716/devtools/browser/8e947cd6-5fef-41e0-af40-5e70bfa99b47
1650001324009	Marionette	INFO	Listening on port 55742
Read port: 55742
1650001324122	RemoteAgent	WARN	TLS certificate errors will be ignored for this session
console.warn: LoginRecipes: "getRecipes: falling back to a synchronous message for:" "https://www.google.com"
1650001332758	Marionette	INFO	Stopped listening on port 55742
console.warn: TopSitesFeed: Failed to fetch data from Contile server: NetworkError when attempting to fetch resource.
1650001420263	geckodriver	INFO	Listening on 127.0.0.1:55808
1650001423343	mozrunner::runner	INFO	Running command: "C:\\Program Files\\Mozilla Firefox\\firefox.exe" "--marionette" "--remote-debugging-port" "55809" "--remote-allow-hosts" "localhost" "-no-remote" "-profile" "C:\\Users\\Islambek\\AppData\\Local\\Temp\\rust_mozprofileMR8iwF"
1650001423604	Marionette	INFO	Marionette enabled
console.warn: SearchSettings: "get: No settings file exists, new profile?" (new NotFoundError("Could not open the file at C:\\Users\\Islambek\\AppData\\Local\\Temp\\rust_mozprofileMR8iwF\\search.json.mozlz4", (void 0)))
DevTools listening on ws://localhost:55809/devtools/browser/3ac724d0-5ef2-49a9-aca2-a1d579d9f5d1
1650001425123	Marionette	INFO	Listening on port 55830
Read port: 55830
1650001425220	RemoteAgent	WARN	TLS certificate errors will be ignored for this session
1650001431442	Marionette	INFO	Stopped listening on port 55830
console.warn: TopSitesFeed: Failed to fetch data from Contile server: NetworkError when attempting to fetch resource.
1650001588488	geckodriver	INFO	Listening on 127.0.0.1:55942
1650001591570	mozrunner::runner	INFO	Running command: "C:\\Program Files\\Mozilla Firefox\\firefox.exe" "--marionette" "--remote-debugging-port" "55943" "--remote-allow-hosts" "localhost" "-no-remote" "-profile" "C:\\Users\\Islambek\\AppData\\Local\\Temp\\rust_mozprofileufViCE"
1650001591837	Marionette	INFO	Marionette enabled
console.warn: SearchSettings: "get: No settings file exists, new profile?" (new NotFoundError("Could not open the file at C:\\Users\\Islambek\\AppData\\Local\\Temp\\rust_mozprofileufViCE\\search.json.mozlz4", (void 0)))
DevTools listening on ws://localhost:55943/devtools/browser/4bba539e-f257-4058-8621-c1e9d84a7b6e
1650001593294	Marionette	INFO	Listening on port 55964
Read port: 55964
1650001593336	RemoteAgent	WARN	TLS certificate errors will be ignored for this session
console.warn: LoginRecipes: "getRecipes: falling back to a synchronous message for:" "https://www.google.com"
1650002037938	Marionette	INFO	Stopped listening on port 55964
console.warn: TopSitesFeed: Failed to fetch data from Contile server: NetworkError when attempting to fetch resource.
1650002127085	geckodriver	INFO	Listening on 127.0.0.1:56078
1650002130149	mozrunner::runner	INFO	Running command: "C:\\Program Files\\Mozilla Firefox\\firefox.exe" "--marionette" "--remote-debugging-port" "56079" "--remote-allow-hosts" "localhost" "-no-remote" "-profile" "C:\\Users\\Islambek\\AppData\\Local\\Temp\\rust_mozprofile4eWJO1"
1650002130415	Marionette	INFO	Marionette enabled
console.warn: SearchSettings: "get: No settings file exists, new profile?" (new NotFoundError("Could not open the file at C:\\Users\\Islambek\\AppData\\Local\\Temp\\rust_mozprofile4eWJO1\\search.json.mozlz4", (void 0)))
DevTools listening on ws://localhost:56079/devtools/browser/45483eeb-ce6f-4357-86fa-f04358d29bb3
1650002131900	Marionette	INFO	Listening on port 56102
Read port: 56102
1650002131917	RemoteAgent	WARN	TLS certificate errors will be ignored for this session
1650002143383	Marionette	INFO	Stopped listening on port 56102
console.warn: TopSitesFeed: Failed to fetch data from Contile server: NetworkError when attempting to fetch resource.
1650002250757	geckodriver	INFO	Listening on 127.0.0.1:56166
1650002253851	mozrunner::runner	INFO	Running command: "C:\\Program Files\\Mozilla Firefox\\firefox.exe" "--marionette" "--remote-debugging-port" "56167" "--remote-allow-hosts" "localhost" "-no-remote" "-profile" "C:\\Users\\Islambek\\AppData\\Local\\Temp\\rust_mozprofilepIHvfI"
1650002254111	Marionette	INFO	Marionette enabled
console.warn: SearchSettings: "get: No settings file exists, new profile?" (new NotFoundError("Could not open the file at C:\\Users\\Islambek\\AppData\\Local\\Temp\\rust_mozprofilepIHvfI\\search.json.mozlz4", (void 0)))
DevTools listening on ws://localhost:56167/devtools/browser/21d81b93-5095-4931-9a81-24b14162e5c1
1650002255724	Marionette	INFO	Listening on port 56185
Read port: 56185
1650002255837	RemoteAgent	WARN	TLS certificate errors will be ignored for this session
console.warn: LoginRecipes: "getRecipes: falling back to a synchronous message for:" "https://www.google.com"
1650002282845	Marionette	INFO	Stopped listening on port 56185
console.warn: TopSitesFeed: Failed to fetch data from Contile server: NetworkError when attempting to fetch resource.
remote-debugging-port" "56235" "--remote-allow-hosts" "localhost" "-no-remote" "-profile" "C:\\Users\\Islambek\\AppData\\Local\\Temp\\rust_mozprofileid9YuD"
1650002281058	Marionette	INFO	Marionette enabled
console.warn: SearchSettings: "get: No settings file exists, new profile?" (new NotFoundError("Could not open the file at C:\\Users\\Islambek\\AppData\\Local\\Temp\\rust_mozprofileid9YuD\\search.json.mozlz4", (void 0)))
DevTools listening on ws://localhost:56235/devtools/browser/b082495d-85f7-4be2-916f-8e40eb44cce3
1650002282557	Marionette	INFO	Listening on port 56254
Read port: 56254
1650002282652	RemoteAgent	WARN	TLS certificate errors will be ignored for this session
console.warn: LoginRecipes: "getRecipes: falling back to a synchronous message for:" "https://www.google.com"
1650002307720	Marionette	INFO	Stopped listening on port 56254
console.warn: TopSitesFeed: Failed to fetch data from Contile server: NetworkError when attempting to fetch resource.
remote-debugging-port" "56303" "--remote-allow-hosts" "localhost" "-no-remote" "-profile" "C:\\Users\\Islambek\\AppData\\Local\\Temp\\rust_mozprofile7JkeR1"
1650002307241	Marionette	INFO	Marionette enabled
console.warn: SearchSettings: "get: No settings file exists, new profile?" (new NotFoundError("Could not open the file at C:\\Users\\Islambek\\AppData\\Local\\Temp\\rust_mozprofile7JkeR1\\search.json.mozlz4", (void 0)))
DevTools listening on ws://localhost:56303/devtools/browser/0809687d-d089-41eb-93ef-40ffc4bdc47b
1650002308773	Marionette	INFO	Listening on port 56326
Read port: 56326
1650002308825	RemoteAgent	WARN	TLS certificate errors will be ignored for this session
console.warn: LoginRecipes: "getRecipes: falling back to a synchronous message for:" "https://www.google.com"
1650002314008	Marionette	INFO	Stopped listening on port 56326
JavaScript error: resource://gre/modules/UrlClassifierListManager.jsm, line 691: TypeError: this.tablesData[table] is undefined
console.warn: TopSitesFeed: Failed to fetch data from Contile server: NetworkError when attempting to fetch resource.
1650002413654	geckodriver	INFO	Listening on 127.0.0.1:56419
1650002416732	mozrunner::runner	INFO	Running command: "C:\\Program Files\\Mozilla Firefox\\firefox.exe" "--marionette" "--remote-debugging-port" "56420" "--remote-allow-hosts" "localhost" "-no-remote" "-profile" "C:\\Users\\Islambek\\AppData\\Local\\Temp\\rust_mozprofile2wEqB1"
1650002417011	Marionette	INFO	Marionette enabled
console.warn: SearchSettings: "get: No settings file exists, new profile?" (new NotFoundError("Could not open the file at C:\\Users\\Islambek\\AppData\\Local\\Temp\\rust_mozprofile2wEqB1\\search.json.mozlz4", (void 0)))
DevTools listening on ws://localhost:56420/devtools/browser/785aa9b9-1bcd-46ef-9975-d951d286f34b
1650002418648	Marionette	INFO	Listening on port 56441
Read port: 56441
1650002418721	RemoteAgent	WARN	TLS certificate errors will be ignored for this session
console.warn: LoginRecipes: "getRecipes: falling back to a synchronous message for:" "https://www.google.com"
1650002423861	Marionette	INFO	Stopped listening on port 56441
console.warn: TopSitesFeed: Failed to fetch data from Contile server: NetworkError when attempting to fetch resource.

###!!! [Parent][PGPUParent] Error: RunMessage(msgname=PGPU::Msg_ShutdownVR) Channel closing: too late to send/recv, messages will be lost

1650016293788	geckodriver	INFO	Listening on 127.0.0.1:65531
1650016296874	mozrunner::runner	INFO	Running command: "C:\\Program Files\\Mozilla Firefox\\firefox.exe" "--marionette" "--remote-debugging-port" "65532" "--remote-allow-hosts" "localhost" "-no-remote" "-profile" "C:\\Users\\Islambek\\AppData\\Local\\Temp\\rust_mozprofileUsaQho"
1650016297121	Marionette	INFO	Marionette enabled
console.warn: SearchSettings: "get: No settings file exists, new profile?" (new NotFoundError("Could not open the file at C:\\Users\\Islambek\\AppData\\Local\\Temp\\rust_mozprofileUsaQho\\search.json.mozlz4", (void 0)))
DevTools listening on ws://localhost:65532/devtools/browser/f922ff6c-f617-48bd-8d49-4e6eb6070004
1650016298595	Marionette	INFO	Listening on port 49167
Read port: 49167
1650016298647	RemoteAgent	WARN	TLS certificate errors will be ignored for this session
console.warn: LoginRecipes: "getRecipes: falling back to a synchronous message for:" "https://www.google.com"
1650016311365	Marionette	INFO	Stopped listening on port 49167
console.warn: TopSitesFeed: Failed to fetch data from Contile server: NetworkError when attempting to fetch resource.
1650017714097	geckodriver	INFO	Listening on 127.0.0.1:49820
1650017717131	mozrunner::runner	INFO	Running command: "C:\\Program Files\\Firefox Developer Edition\\firefox.exe" "--marionette" "--remote-debugging-port" "49821" "--remote-allow-hosts" "localhost" "-no-remote" "-profile" "C:\\Users\\Islambek\\AppData\\Local\\Temp\\rust_mozprofilekmOoNk"
1650017717494	Marionette	INFO	Marionette enabled
console.warn: SearchSettings: "get: No settings file exists, new profile?" (new NotFoundError("Could not open the file at C:\\Users\\Islambek\\AppData\\Local\\Temp\\rust_mozprofilekmOoNk\\search.json.mozlz4", (void 0)))
DevTools listening on ws://localhost:49821/devtools/browser/d946c352-3dbd-4b2d-b8d6-dcd24936672d
1650017718714	Marionette	INFO	Listening on port 49842
Read port: 49842
1650017718799	RemoteAgent	WARN	TLS certificate errors will be ignored for this session
console.warn: LoginRecipes: "getRecipes: falling back to a synchronous message for:" "https://www.google.com"
1650017724067	Marionette	INFO	Stopped listening on port 49842
console.warn: TopSitesFeed: Failed to fetch data from Contile server: NetworkError when attempting to fetch resource.
1650017735113	geckodriver	INFO	Listening on 127.0.0.1:49992
1650017738185	mozrunner::runner	INFO	Running command: "C:\\Program Files\\Firefox Developer Edition\\firefox.exe" "--marionette" "--remote-debugging-port" "49993" "--remote-allow-hosts" "localhost" "-no-remote" "-profile" "C:\\Users\\Islambek\\AppData\\Local\\Temp\\rust_mozprofilewitHvN"
1650017738463	Marionette	INFO	Marionette enabled
console.warn: SearchSettings: "get: No settings file exists, new profile?" (new NotFoundError("Could not open the file at C:\\Users\\Islambek\\AppData\\Local\\Temp\\rust_mozprofilewitHvN\\search.json.mozlz4", (void 0)))
DevTools listening on ws://localhost:49993/devtools/browser/bc3277ef-e58d-41e3-8a37-d91f33b199eb
1650017739680	Marionette	INFO	Listening on port 50273
Read port: 50273
1650017739752	RemoteAgent	WARN	TLS certificate errors will be ignored for this session
console.warn: LoginRecipes: "getRecipes: falling back to a synchronous message for:" "https://www.google.com"
1650017743618	Marionette	INFO	Stopped listening on port 50273
console.warn: TopSitesFeed: Failed to fetch data from Contile server: NetworkError when attempting to fetch resource.
[Parent 19696, IPC I/O Parent] WARNING: file /builds/worker/checkouts/gecko/ipc/chromium/src/base/process_util_win.cc:167
1650017852919	geckodriver	INFO	Listening on 127.0.0.1:50384
1650017856016	mozrunner::runner	INFO	Running command: "C:\\Program Files\\Firefox Developer Edition\\firefox.exe" "--marionette" "--remote-debugging-port" "50385" "--remote-allow-hosts" "localhost" "-no-remote" "-profile" "C:\\Users\\Islambek\\AppData\\Local\\Temp\\rust_mozprofileXvk06S"
1650017856361	Marionette	INFO	Marionette enabled
console.warn: SearchSettings: "get: No settings file exists, new profile?" (new NotFoundError("Could not open the file at C:\\Users\\Islambek\\AppData\\Local\\Temp\\rust_mozprofileXvk06S\\search.json.mozlz4", (void 0)))
DevTools listening on ws://localhost:50385/devtools/browser/c9e4e039-3ee6-4baa-94c0-1f30c6dd59d0
1650017857619	Marionette	INFO	Listening on port 50405
Read port: 50405
1650017857670	RemoteAgent	WARN	TLS certificate errors will be ignored for this session
1650017866172	Marionette	INFO	Stopped listening on port 50405
console.warn: TopSitesFeed: Failed to fetch data from Contile server: NetworkError when attempting to fetch resource.

###!!! [Parent][PGPUParent] Error: RunMessage(msgname=PGPU::Msg_ShutdownVR) Channel closing: too late to send/recv, messages will be lost

1650017883806	geckodriver	INFO	Listening on 127.0.0.1:50460
1650017886883	mozrunner::runner	INFO	Running command: "C:\\Program Files\\Firefox Developer Edition\\firefox.exe" "--marionette" "--remote-debugging-port" "50461" "--remote-allow-hosts" "localhost" "-no-remote" "-profile" "C:\\Users\\Islambek\\AppData\\Local\\Temp\\rust_mozprofilev2LB4a"
1650017887152	Marionette	INFO	Marionette enabled
console.warn: SearchSettings: "get: No settings file exists, new profile?" (new NotFoundError("Could not open the file at C:\\Users\\Islambek\\AppData\\Local\\Temp\\rust_mozprofilev2LB4a\\search.json.mozlz4", (void 0)))
DevTools listening on ws://localhost:50461/devtools/browser/f920db20-6fee-4d63-b784-987f7c8912dc
1650017888354	Marionette	INFO	Listening on port 50481
Read port: 50481
1650017888428	RemoteAgent	WARN	TLS certificate errors will be ignored for this session
console.warn: LoginRecipes: "getRecipes: falling back to a synchronous message for:" "https://www.google.com"
1650017893280	Marionette	INFO	Stopped listening on port 50481
console.warn: TopSitesFeed: Failed to fetch data from Contile server: NetworkError when attempting to fetch resource.

###!!! [Parent][PGPUParent] Error: RunMessage(msgname=PGPU::Msg_ShutdownVR) Channel closing: too late to send/recv, messages will be lost

1650017938404	geckodriver	INFO	Listening on 127.0.0.1:50534
1650017941471	mozrunner::runner	INFO	Running command: "C:\\Program Files\\Firefox Developer Edition\\firefox.exe" "--marionette" "--remote-debugging-port" "50535" "--remote-allow-hosts" "localhost" "-no-remote" "-profile" "C:\\Users\\Islambek\\AppData\\Local\\Temp\\rust_mozprofileY7XHT5"
1650017941764	Marionette	INFO	Marionette enabled
console.warn: SearchSettings: "get: No settings file exists, new profile?" (new NotFoundError("Could not open the file at C:\\Users\\Islambek\\AppData\\Local\\Temp\\rust_mozprofileY7XHT5\\search.json.mozlz4", (void 0)))
DevTools listening on ws://localhost:50535/devtools/browser/ed118bb6-9cb8-4f3d-8131-a38180b0a550
1650017942951	Marionette	INFO	Listening on port 50553
Read port: 50553
1650017943033	RemoteAgent	WARN	TLS certificate errors will be ignored for this session
console.warn: LoginRecipes: "getRecipes: falling back to a synchronous message for:" "https://www.google.com"
1650017947453	Marionette	INFO	Stopped listening on port 50553
console.warn: TopSitesFeed: Failed to fetch data from Contile server: NetworkError when attempting to fetch resource.
1650018051050	geckodriver	INFO	Listening on 127.0.0.1:50605
1650018054137	mozrunner::runner	INFO	Running command: "C:\\Program Files\\Firefox Developer Edition\\firefox.exe" "--marionette" "--remote-debugging-port" "50606" "--remote-allow-hosts" "localhost" "-no-remote" "-profile" "C:\\Users\\Islambek\\AppData\\Local\\Temp\\rust_mozprofileDmLXtV"
1650018054412	Marionette	INFO	Marionette enabled
console.warn: SearchSettings: "get: No settings file exists, new profile?" (new NotFoundError("Could not open the file at C:\\Users\\Islambek\\AppData\\Local\\Temp\\rust_mozprofileDmLXtV\\search.json.mozlz4", (void 0)))
DevTools listening on ws://localhost:50606/devtools/browser/d910684b-7078-4d54-8920-a4c709b1f375
1650018055768	Marionette	INFO	Listening on port 50626
Read port: 50626
1650018055792	RemoteAgent	WARN	TLS certificate errors will be ignored for this session
console.warn: LoginRecipes: "getRecipes: falling back to a synchronous message for:" "https://www.google.com"
1650018059086	Marionette	INFO	Stopped listening on port 50626
console.warn: TopSitesFeed: Failed to fetch data from Contile server: NetworkError when attempting to fetch resource.
1650018063840	geckodriver	INFO	Listening on 127.0.0.1:50658
1650018066938	mozrunner::runner	INFO	Running command: "C:\\Program Files\\Firefox Developer Edition\\firefox.exe" "--marionette" "--remote-debugging-port" "50659" "--remote-allow-hosts" "localhost" "-no-remote" "-profile" "C:\\Users\\Islambek\\AppData\\Local\\Temp\\rust_mozprofileiIm0uF"
1650018067215	Marionette	INFO	Marionette enabled
console.warn: SearchSettings: "get: No settings file exists, new profile?" (new NotFoundError("Could not open the file at C:\\Users\\Islambek\\AppData\\Local\\Temp\\rust_mozprofileiIm0uF\\search.json.mozlz4", (void 0)))
DevTools listening on ws://localhost:50659/devtools/browser/df8b093f-ba85-45e2-a399-57cb7e456f25
1650018068400	Marionette	INFO	Listening on port 50677
Read port: 50677
1650018068491	RemoteAgent	WARN	TLS certificate errors will be ignored for this session
console.warn: LoginRecipes: "getRecipes: falling back to a synchronous message for:" "https://www.google.com"
1650018073107	Marionette	INFO	Stopped listening on port 50677
console.warn: TopSitesFeed: Failed to fetch data from Contile server: NetworkError when attempting to fetch resource.

###!!! [Parent][PGPUParent] Error: RunMessage(msgname=PGPU::Msg_ShutdownVR) Channel closing: too late to send/recv, messages will be lost

1650018093301	geckodriver	INFO	Listening on 127.0.0.1:50722
1650018096380	mozrunner::runner	INFO	Running command: "C:\\Program Files\\Firefox Developer Edition\\firefox.exe" "--marionette" "--remote-debugging-port" "50723" "--remote-allow-hosts" "localhost" "-no-remote" "-profile" "C:\\Users\\Islambek\\AppData\\Local\\Temp\\rust_mozprofiles2tQR2"
1650018096670	Marionette	INFO	Marionette enabled
console.warn: SearchSettings: "get: No settings file exists, new profile?" (new NotFoundError("Could not open the file at C:\\Users\\Islambek\\AppData\\Local\\Temp\\rust_mozprofiles2tQR2\\search.json.mozlz4", (void 0)))
DevTools listening on ws://localhost:50723/devtools/browser/d65ad4b3-c2d7-4d06-85ec-c06f76dec8a7
1650018097878	Marionette	INFO	Listening on port 50742
Read port: 50742
1650018097940	RemoteAgent	WARN	TLS certificate errors will be ignored for this session
console.warn: LoginRecipes: "getRecipes: falling back to a synchronous message for:" "https://www.google.com"
1650026545960	Marionette	INFO	Stopped listening on port 50742
0018264129	mozrunner::runner	INFO	Running command: "C:\\Program Files\\Firefox Developer Edition\\firefox.exe" "--marionette" "--remote-debugging-port" "50812" "--remote-allow-hosts" "localhost" "-no-remote" "-profile" "C:\\Users\\Islambek\\AppData\\Local\\Temp\\rust_mozprofile8lzutR"
1650018264419	Marionette	INFO	Marionette enabled
console.warn: SearchSettings: "get: No settings file exists, new profile?" (new NotFoundError("Could not open the file at C:\\Users\\Islambek\\AppData\\Local\\Temp\\rust_mozprofile8lzutR\\search.json.mozlz4", (void 0)))
DevTools listening on ws://localhost:50812/devtools/browser/1e6e7838-8df6-466d-82a3-c0abaae95ab0
1650018265799	Marionette	INFO	Listening on port 50832
Read port: 50832
1650018265898	RemoteAgent	WARN	TLS certificate errors will be ignored for this session
console.warn: LoginRecipes: "getRecipes: falling back to a synchronous message for:" "https://www.google.com"
1650018270254	Marionette	INFO	Stopped listening on port 50832
console.warn: TopSitesFeed: Failed to fetch data from Contile server: NetworkError when attempting to fetch resource.

###!!! [Parent][PGPUParent] Error: RunMessage(msgname=PGPU::Msg_ShutdownVR) Channel closing: too late to send/recv, messages will be lost

1650018318417	geckodriver	INFO	Listening on 127.0.0.1:50879
1650018321472	mozrunner::runner	INFO	Running command: "C:\\Program Files\\Firefox Developer Edition\\firefox.exe" "--marionette" "--remote-debugging-port" "50880" "--remote-allow-hosts" "localhost" "-no-remote" "-profile" "C:\\Users\\Islambek\\AppData\\Local\\Temp\\rust_mozprofileBivSNA"
1650018321751	Marionette	INFO	Marionette enabled
console.warn: SearchSettings: "get: No settings file exists, new profile?" (new NotFoundError("Could not open the file at C:\\Users\\Islambek\\AppData\\Local\\Temp\\rust_mozprofileBivSNA\\search.json.mozlz4", (void 0)))
DevTools listening on ws://localhost:50880/devtools/browser/c18803aa-2a97-4adc-912d-c482439d3024
1650018323125	Marionette	INFO	Listening on port 50899
Read port: 50899
1650018323243	RemoteAgent	WARN	TLS certificate errors will be ignored for this session
console.warn: LoginRecipes: "getRecipes: falling back to a synchronous message for:" "https://www.google.com"
1650018332910	Marionette	INFO	Stopped listening on port 50899
console.warn: TopSitesFeed: Failed to fetch data from Contile server: NetworkError when attempting to fetch resource.
1650021725344	geckodriver	INFO	Listening on 127.0.0.1:64434
1650021728408	mozrunner::runner	INFO	Running command: "C:\\Program Files\\Firefox Developer Edition\\firefox.exe" "--marionette" "--remote-debugging-port" "64435" "--remote-allow-hosts" "localhost" "-no-remote" "-profile" "C:\\Users\\Islambek\\AppData\\Local\\Temp\\rust_mozprofileYqP8vK"
1650021728693	Marionette	INFO	Marionette enabled
console.warn: SearchSettings: "get: No settings file exists, new profile?" (new NotFoundError("Could not open the file at C:\\Users\\Islambek\\AppData\\Local\\Temp\\rust_mozprofileYqP8vK\\search.json.mozlz4", (void 0)))
DevTools listening on ws://localhost:64435/devtools/browser/cb6739dc-9ef5-448a-865e-1af617fe8441
1650021730006	Marionette	INFO	Listening on port 64453
Read port: 64453
1650021730078	RemoteAgent	WARN	TLS certificate errors will be ignored for this session
console.warn: LoginRecipes: "getRecipes: falling back to a synchronous message for:" "https://www.google.com"
1650021734617	Marionette	INFO	Stopped listening on port 64453
console.warn: TopSitesFeed: Failed to fetch data from Contile server: NetworkError when attempting to fetch resource.
1650021753869	geckodriver	INFO	Listening on 127.0.0.1:64506
1650021756979	mozrunner::runner	INFO	Running command: "C:\\Program Files\\Firefox Developer Edition\\firefox.exe" "--marionette" "--remote-debugging-port" "64507" "--remote-allow-hosts" "localhost" "-no-remote" "-profile" "C:\\Users\\Islambek\\AppData\\Local\\Temp\\rust_mozprofile5NY6vz"
1650021757267	Marionette	INFO	Marionette enabled
console.warn: SearchSettings: "get: No settings file exists, new profile?" (new NotFoundError("Could not open the file at C:\\Users\\Islambek\\AppData\\Local\\Temp\\rust_mozprofile5NY6vz\\search.json.mozlz4", (void 0)))
DevTools listening on ws://localhost:64507/devtools/browser/ff7b81c2-ace9-47d0-9b52-78a853050eb0
1650021758469	Marionette	INFO	Listening on port 64526
Read port: 64526
1650021758521	RemoteAgent	WARN	TLS certificate errors will be ignored for this session
console.warn: LoginRecipes: "getRecipes: falling back to a synchronous message for:" "https://www.google.com"
1650021763595	Marionette	INFO	Stopped listening on port 64526
JavaScript error: resource://gre/modules/UrlClassifierListManager.jsm, line 691: TypeError: can't access property "provider", this.tablesData[table] is undefined
console.warn: TopSitesFeed: Failed to fetch data from Contile server: NetworkError when attempting to fetch resource.

###!!! [Parent][PGPUParent] Error: RunMessage(msgname=PGPU::Msg_ShutdownVR) Channel closing: too late to send/recv, messages will be lost

[Parent 23200, IPC I/O Parent] WARNING: file /builds/worker/checkouts/gecko/ipc/chromium/src/base/process_util_win.cc:167
1650021812782	geckodriver	INFO	Listening on 127.0.0.1:64574
1650021815870	mozrunner::runner	INFO	Running command: "C:\\Program Files\\Firefox Developer Edition\\firefox.exe" "--marionette" "--remote-debugging-port" "64575" "--remote-allow-hosts" "localhost" "-no-remote" "-profile" "C:\\Users\\Islambek\\AppData\\Local\\Temp\\rust_mozprofilexlajqx"
1650021816143	Marionette	INFO	Marionette enabled
console.warn: SearchSettings: "get: No settings file exists, new profile?" (new NotFoundError("Could not open the file at C:\\Users\\Islambek\\AppData\\Local\\Temp\\rust_mozprofilexlajqx\\search.json.mozlz4", (void 0)))
DevTools listening on ws://localhost:64575/devtools/browser/ba7f14a0-9bee-496d-85fd-a837d219a796
1650021817341	Marionette	INFO	Listening on port 64592
Read port: 64592
1650021817425	RemoteAgent	WARN	TLS certificate errors will be ignored for this session
console.warn: LoginRecipes: "getRecipes: falling back to a synchronous message for:" "https://www.google.com"
1650021823764	Marionette	INFO	Stopped listening on port 64592
console.warn: TopSitesFeed: Failed to fetch data from Contile server: NetworkError when attempting to fetch resource.
1650021908929	geckodriver	INFO	Listening on 127.0.0.1:64657
1650021912018	mozrunner::runner	INFO	Running command: "C:\\Program Files\\Firefox Developer Edition\\firefox.exe" "--marionette" "--remote-debugging-port" "64658" "--remote-allow-hosts" "localhost" "-no-remote" "-profile" "C:\\Users\\Islambek\\AppData\\Local\\Temp\\rust_mozprofileorhWal"
1650021912302	Marionette	INFO	Marionette enabled
console.warn: SearchSettings: "get: No settings file exists, new profile?" (new NotFoundError("Could not open the file at C:\\Users\\Islambek\\AppData\\Local\\Temp\\rust_mozprofileorhWal\\search.json.mozlz4", (void 0)))
DevTools listening on ws://localhost:64658/devtools/browser/afad405c-577e-4672-9e8c-2f6e7b62dadd
1650021913576	Marionette	INFO	Listening on port 64676
Read port: 64676
1650021913672	RemoteAgent	WARN	TLS certificate errors will be ignored for this session
console.warn: LoginRecipes: "getRecipes: falling back to a synchronous message for:" "https://www.google.com"
1650021918468	Marionette	INFO	Stopped listening on port 64676
console.warn: TopSitesFeed: Failed to fetch data from Contile server: NetworkError when attempting to fetch resource.

###!!! [Parent][PGPUParent] Error: RunMessage(msgname=PGPU::Msg_ShutdownVR) Channel closing: too late to send/recv, messages will be lost

1650022392789	geckodriver	INFO	Listening on 127.0.0.1:64763
1650022395852	mozrunner::runner	INFO	Running command: "C:\\Program Files\\Firefox Developer Edition\\firefox.exe" "--marionette" "--remote-debugging-port" "64764" "--remote-allow-hosts" "localhost" "-no-remote" "-profile" "C:\\Users\\Islambek\\AppData\\Local\\Temp\\rust_mozprofilep25ZCh"
1650022396126	Marionette	INFO	Marionette enabled
console.warn: SearchSettings: "get: No settings file exists, new profile?" (new NotFoundError("Could not open the file at C:\\Users\\Islambek\\AppData\\Local\\Temp\\rust_mozprofilep25ZCh\\search.json.mozlz4", (void 0)))
DevTools listening on ws://localhost:64764/devtools/browser/35ff060b-4e36-4cbd-9071-86dc276f2fd2
1650022397335	Marionette	INFO	Listening on port 64784
Read port: 64784
1650022397405	RemoteAgent	WARN	TLS certificate errors will be ignored for this session
console.warn: LoginRecipes: "getRecipes: falling back to a synchronous message for:" "https://www.google.com"
1650022407069	Marionette	INFO	Stopped listening on port 64784
console.warn: TopSitesFeed: Failed to fetch data from Contile server: NetworkError when attempting to fetch resource.
1650025947436	geckodriver	INFO	Listening on 127.0.0.1:58942
1650025950527	mozrunner::runner	INFO	Running command: "C:\\Program Files\\Firefox Developer Edition\\firefox.exe" "--marionette" "--remote-debugging-port" "58943" "--remote-allow-hosts" "localhost" "-no-remote" "-profile" "C:\\Users\\Islambek\\AppData\\Local\\Temp\\rust_mozprofiles5N3dw"
1650025950900	Marionette	INFO	Marionette enabled
console.warn: SearchSettings: "get: No settings file exists, new profile?" (new NotFoundError("Could not open the file at C:\\Users\\Islambek\\AppData\\Local\\Temp\\rust_mozprofiles5N3dw\\search.json.mozlz4", (void 0)))
DevTools listening on ws://localhost:58943/devtools/browser/0ddc1ff3-e387-4849-9d6b-989881f72cf9
1650025952155	Marionette	INFO	Listening on port 58962
Read port: 58962
1650025952184	RemoteAgent	WARN	TLS certificate errors will be ignored for this session
1650025953299	Marionette	INFO	Stopped listening on port 58962
Marionette threw an error: TypeError: can't access property "getActor", browsingContext.currentWindowGlobal is null
getMarionetteCommandsActorProxy/get/<@chrome://remote/content/marionette/actors/MarionetteCommandsParent.jsm:332:29

JavaScript error: chrome://remote/content/marionette/cert.js, line 55: NS_ERROR_NOT_AVAILABLE: Component returned failure code: 0x80040111 (NS_ERROR_NOT_AVAILABLE) [nsICertOverrideService.setDisableAllSecurityChecksAndLetAttackersInterceptMyData]
1650025970715	geckodriver	INFO	Listening on 127.0.0.1:58981
1650025973786	mozrunner::runner	INFO	Running command: "C:\\Program Files\\Firefox Developer Edition\\firefox.exe" "--marionette" "--remote-debugging-port" "58982" "--remote-allow-hosts" "localhost" "-no-remote" "-profile" "C:\\Users\\Islambek\\AppData\\Local\\Temp\\rust_mozprofileOL69tk"
1650025974063	Marionette	INFO	Marionette enabled
console.warn: SearchSettings: "get: No settings file exists, new profile?" (new NotFoundError("Could not open the file at C:\\Users\\Islambek\\AppData\\Local\\Temp\\rust_mozprofileOL69tk\\search.json.mozlz4", (void 0)))
DevTools listening on ws://localhost:58982/devtools/browser/a48730cd-0053-40f2-a571-26c0c292aaa6
1650025975274	Marionette	INFO	Listening on port 59000
Read port: 59000
1650025975327	RemoteAgent	WARN	TLS certificate errors will be ignored for this session
console.warn: LoginRecipes: "getRecipes: falling back to a synchronous message for:" "https://www.google.com"
1650026145934	Marionette	INFO	Stopped listening on port 59000
console.warn: TopSitesFeed: Failed to fetch data from Contile server: NetworkError when attempting to fetch resource.
nette" "--remote-debugging-port" "59058" "--remote-allow-hosts" "localhost" "-no-remote" "-profile" "C:\\Users\\Islambek\\AppData\\Local\\Temp\\rust_mozprofileQpOmC2"
1650026017008	Marionette	INFO	Marionette enabled
console.warn: SearchSettings: "get: No settings file exists, new profile?" (new NotFoundError("Could not open the file at C:\\Users\\Islambek\\AppData\\Local\\Temp\\rust_mozprofileQpOmC2\\search.json.mozlz4", (void 0)))
DevTools listening on ws://localhost:59058/devtools/browser/e494faee-c853-40d4-bf69-383671ce4951
1650026018246	Marionette	INFO	Listening on port 59075
Read port: 59075
1650026018298	RemoteAgent	WARN	TLS certificate errors will be ignored for this session
console.warn: LoginRecipes: "getRecipes: falling back to a synchronous message for:" "https://www.google.com"
1650026148179	Marionette	INFO	Stopped listening on port 59075
console.warn: TopSitesFeed: Failed to fetch data from Contile server: NetworkError when attempting to fetch resource.
nette" "--remote-debugging-port" "59140" "--remote-allow-hosts" "localhost" "-no-remote" "-profile" "C:\\Users\\Islambek\\AppData\\Local\\Temp\\rust_mozprofileI9Xmdo"
1650026048711	Marionette	INFO	Marionette enabled
console.warn: SearchSettings: "get: No settings file exists, new profile?" (new NotFoundError("Could not open the file at C:\\Users\\Islambek\\AppData\\Local\\Temp\\rust_mozprofileI9Xmdo\\search.json.mozlz4", (void 0)))
DevTools listening on ws://localhost:59140/devtools/browser/bfbb7412-d8ad-4408-9239-43b9b4343e10
1650026049959	Marionette	INFO	Listening on port 59159
Read port: 59159
1650026050079	RemoteAgent	WARN	TLS certificate errors will be ignored for this session
console.warn: LoginRecipes: "getRecipes: falling back to a synchronous message for:" "https://www.google.com"
1650026148946	Marionette	INFO	Stopped listening on port 59159
console.warn: TopSitesFeed: Failed to fetch data from Contile server: NetworkError when attempting to fetch resource.

###!!! [Parent][PGPUParent] Error: RunMessage(msgname=PGPU::Msg_ShutdownVR) Channel closing: too late to send/recv, messages will be lost

\rust_mozprofile9WIrZ3"
1650026093818	Marionette	INFO	Marionette enabled
console.warn: SearchSettings: "get: No settings file exists, new profile?" (new NotFoundError("Could not open the file at C:\\Users\\Islambek\\AppData\\Local\\Temp\\rust_mozprofile9WIrZ3\\search.json.mozlz4", (void 0)))
DevTools listening on ws://localhost:59205/devtools/browser/1398a608-0c21-4b33-8002-f76732d0e9f1
1650026095158	Marionette	INFO	Listening on port 59223
Read port: 59223
1650026095272	RemoteAgent	WARN	TLS certificate errors will be ignored for this session
console.warn: LoginRecipes: "getRecipes: falling back to a synchronous message for:" "https://www.google.com"
1650026149763	Marionette	INFO	Stopped listening on port 59223
console.warn: TopSitesFeed: Failed to fetch data from Contile server: NetworkError when attempting to fetch resource.
nette" "--remote-debugging-port" "59273" "--remote-allow-hosts" "localhost" "-no-remote" "-profile" "C:\\Users\\Islambek\\AppData\\Local\\Temp\\rust_mozprofileWU6m2I"
1650026130540	Marionette	INFO	Marionette enabled
console.warn: SearchSettings: "get: No settings file exists, new profile?" (new NotFoundError("Could not open the file at C:\\Users\\Islambek\\AppData\\Local\\Temp\\rust_mozprofileWU6m2I\\search.json.mozlz4", (void 0)))
DevTools listening on ws://localhost:59273/devtools/browser/6b355b3c-0ce4-47cd-a4bf-30bca357f5dd
1650026131777	Marionette	INFO	Listening on port 59291
Read port: 59291
1650026131802	RemoteAgent	WARN	TLS certificate errors will be ignored for this session
console.warn: LoginRecipes: "getRecipes: falling back to a synchronous message for:" "https://www.google.com"
1650026150472	Marionette	INFO	Stopped listening on port 59291
console.warn: TopSitesFeed: Failed to fetch data from Contile server: NetworkError when attempting to fetch resource.
1650026188843	geckodriver	INFO	Listening on 127.0.0.1:50795
1650026191896	mozrunner::runner	INFO	Running command: "C:\\Program Files\\Firefox Developer Edition\\firefox.exe" "--marionette" "--remote-debugging-port" "50796" "--remote-allow-hosts" "localhost" "-no-remote" "-profile" "C:\\Users\\Islambek\\AppData\\Local\\Temp\\rust_mozprofiletNO5W5"
1650026192187	Marionette	INFO	Marionette enabled
console.warn: SearchSettings: "get: No settings file exists, new profile?" (new NotFoundError("Could not open the file at C:\\Users\\Islambek\\AppData\\Local\\Temp\\rust_mozprofiletNO5W5\\search.json.mozlz4", (void 0)))
DevTools listening on ws://localhost:50796/devtools/browser/565d12a0-7aae-44fb-b18c-915b5fb71251
1650026193406	Marionette	INFO	Listening on port 50814
Read port: 50814
1650026193455	RemoteAgent	WARN	TLS certificate errors will be ignored for this session
console.warn: LoginRecipes: "getRecipes: falling back to a synchronous message for:" "https://www.google.com"
1650026380647	Marionette	INFO	Stopped listening on port 50814
console.warn: TopSitesFeed: Failed to fetch data from Contile server: NetworkError when attempting to fetch resource.

###!!! [Parent][PGPUParent] Error: RunMessage(msgname=PGPU::Msg_ShutdownVR) Channel closing: too late to send/recv, messages will be lost

\rust_mozprofileLBsJsV"
1650026246597	Marionette	INFO	Marionette enabled
console.warn: SearchSettings: "get: No settings file exists, new profile?" (new NotFoundError("Could not open the file at C:\\Users\\Islambek\\AppData\\Local\\Temp\\rust_mozprofileLBsJsV\\search.json.mozlz4", (void 0)))
DevTools listening on ws://localhost:50866/devtools/browser/5820f835-6eab-49cb-abcc-d2ff4f5f22a3
1650026247808	Marionette	INFO	Listening on port 50885
Read port: 50885
1650026247880	RemoteAgent	WARN	TLS certificate errors will be ignored for this session
console.warn: LoginRecipes: "getRecipes: falling back to a synchronous message for:" "https://www.google.com"
1650026381361	Marionette	INFO	Stopped listening on port 50885
console.warn: TopSitesFeed: Failed to fetch data from Contile server: NetworkError when attempting to fetch resource.
nette" "--remote-debugging-port" "50945" "--remote-allow-hosts" "localhost" "-no-remote" "-profile" "C:\\Users\\Islambek\\AppData\\Local\\Temp\\rust_mozprofile30YBfo"
1650026283243	Marionette	INFO	Marionette enabled
console.warn: SearchSettings: "get: No settings file exists, new profile?" (new NotFoundError("Could not open the file at C:\\Users\\Islambek\\AppData\\Local\\Temp\\rust_mozprofile30YBfo\\search.json.mozlz4", (void 0)))
DevTools listening on ws://localhost:50945/devtools/browser/8e00fbde-3c2d-4d8c-8851-fdcb67340e73
1650026284469	Marionette	INFO	Listening on port 50963
Read port: 50963
1650026284507	RemoteAgent	WARN	TLS certificate errors will be ignored for this session
console.warn: LoginRecipes: "getRecipes: falling back to a synchronous message for:" "https://www.google.com"
1650026385897	Marionette	INFO	Stopped listening on port 50963
console.warn: TopSitesFeed: Failed to fetch data from Contile server: NetworkError when attempting to fetch resource.
1650026389371	geckodriver	INFO	Listening on 127.0.0.1:51032
1650026392457	mozrunner::runner	INFO	Running command: "C:\\Program Files\\Firefox Developer Edition\\firefox.exe" "--marionette" "--remote-debugging-port" "51033" "--remote-allow-hosts" "localhost" "-no-remote" "-profile" "C:\\Users\\Islambek\\AppData\\Local\\Temp\\rust_mozprofilevQSAAB"
1650026392732	Marionette	INFO	Marionette enabled
console.warn: SearchSettings: "get: No settings file exists, new profile?" (new NotFoundError("Could not open the file at C:\\Users\\Islambek\\AppData\\Local\\Temp\\rust_mozprofilevQSAAB\\search.json.mozlz4", (void 0)))
DevTools listening on ws://localhost:51033/devtools/browser/453b534f-b220-46b1-ac7f-74a64cc3cf0b
1650026393941	Marionette	INFO	Listening on port 51050
Read port: 51050
1650026394008	RemoteAgent	WARN	TLS certificate errors will be ignored for this session
console.warn: LoginRecipes: "getRecipes: falling back to a synchronous message for:" "https://www.google.com"
1650026545862	Marionette	INFO	Stopped listening on port 51050
console.warn: TopSitesFeed: Failed to fetch data from Contile server: NetworkError when attempting to fetch resource.

###!!! [Child][PContentChild] Error: Send(msgname=PContent::Msg_InsertNewFocusActionId) Closed channel: cannot send/recv


###!!! [Child][PContentChild] Error: Send(msgname=PContent::Msg_DiscardBrowsingContext) Closed channel: cannot send/recv


###!!! [Child][PContentChild] Error: Send(msgname=PContent::Msg_InsertNewFocusActionId) Closed channel: cannot send/recv


###!!! [Child][PContentChild] Error: Send(msgname=PContent::Msg_DiscardBrowsingContext) Closed channel: cannot send/recv

32-e47c-46f5-98fa-a0f06a6b1086
1650026449073	Marionette	INFO	Listening on port 51136
Read port: 51136
1650026449162	RemoteAgent	WARN	TLS certificate errors will be ignored for this session
console.warn: LoginRecipes: "getRecipes: falling back to a synchronous message for:" "https://www.google.com"
JavaScript warning: https://mc.yandex.ru/metrika/tag.js, line 18: WEBGL_debug_renderer_info is deprecated in Firefox and will be removed. Please use RENDERER.
JavaScript warning: https://static.olx.kz/static/olxkz/packed/swc7e06c54168c5871dc574fa3764b48e0.js, line 140: unreachable code after return statement
JavaScript warning: https://static.olx.kz/static/olxkz/packed/swc7e06c54168c5871dc574fa3764b48e0.js, line 119: WEBGL_debug_renderer_info is deprecated in Firefox and will be removed. Please use RENDERER.
JavaScript warning: https://static.olx.kz/static/olxkz/packed/swc7e06c54168c5871dc574fa3764b48e0.js, line 119: WebGL context was lost.
JavaScript warning: https://static.olx.kz/static/olxkz/packed/swcccff48433fb64dab90438e65db87e39.js, line 140: unreachable code after return statement
JavaScript warning: https://mc.yandex.ru/metrika/watch.js, line 13: WEBGL_debug_renderer_info is deprecated in Firefox and will be removed. Please use RENDERER.
JavaScript warning: https://static.olx.kz/static/olxkz/packed/swa12e89454bbb23eb01158ac5cdce4c52.js, line 1: unreachable code after return statement
JavaScript warning: https://static.olx.kz/static/olxkz/packed/swbc825ed1481a0e77bdd1a0fcb6264545.js, line 1: unreachable code after return statement
console.warn: LoginRecipes: "getRecipes: falling back to a synchronous message for:" "https://www.olx.kz"
console.warn: LoginRecipes: "getRecipes: falling back to a synchronous message for:" "https://www.olx.kz"
console.warn: LoginRecipes: "getRecipes: falling back to a synchronous message for:" "https://www.olx.kz"
console.warn: LoginRecipes: "getRecipes: falling back to a synchronous message for:" "https://www.olx.kz"
console.warn: LoginRecipes: "getRecipes: falling back to a synchronous message for:" "https://www.olx.kz"
console.warn: LoginRecipes: "getRecipes: falling back to a synchronous message for:" "https://www.olx.kz"
console.warn: LoginRecipes: "getRecipes: falling back to a synchronous message for:" "https://www.olx.kz"
console.warn: LoginRecipes: "getRecipes: falling back to a synchronous message for:" "https://www.olx.kz"
JavaScript warning: https://pagead2.googlesyndication.com/bg/l2o4cWLNalU19nN7vA12WZhb1qS4KDqIWPmZT-glBuk.js line 1 > eval line 4425 > eval line 1 > eval line 1 > eval, line 1: WEBGL_debug_renderer_info is deprecated in Firefox and will be removed. Please use RENDERER.
JavaScript warning: https://pagead2.googlesyndication.com/bg/l2o4cWLNalU19nN7vA12WZhb1qS4KDqIWPmZT-glBuk.js line 1 > eval line 3794 > eval line 1 > eval line 1 > eval, line 1: WEBGL_debug_renderer_info is deprecated in Firefox and will be removed. Please use RENDERER.
JavaScript warning: https://pagead2.googlesyndication.com/bg/l2o4cWLNalU19nN7vA12WZhb1qS4KDqIWPmZT-glBuk.js line 1 > eval line 3341 > eval line 1 > eval line 1 > eval, line 1: WEBGL_debug_renderer_info is deprecated in Firefox and will be removed. Please use RENDERER.
JavaScript warning: https://pagead2.googlesyndication.com/bg/l2o4cWLNalU19nN7vA12WZhb1qS4KDqIWPmZT-glBuk.js line 1 > eval line 6467 > eval line 1 > eval line 1 > eval, line 1: WEBGL_debug_renderer_info is deprecated in Firefox and will be removed. Please use RENDERER.
JavaScript warning: https://pagead2.googlesyndication.com/bg/l2o4cWLNalU19nN7vA12WZhb1qS4KDqIWPmZT-glBuk.js line 1 > eval line 760 > eval line 1 > eval line 1 > eval, line 1: WEBGL_debug_renderer_info is deprecated in Firefox and will be removed. Please use RENDERER.
JavaScript error: , line 0: TypeError: NetworkError when attempting to fetch resource.
JavaScript error: , line 0: TypeError: NetworkError when attempting to fetch resource.
JavaScript error: , line 0: TypeError: NetworkError when attempting to fetch resource.
JavaScript error: , line 0: TypeError: NetworkError when attempting to fetch resource.
JavaScript error: , line 0: TypeError: NetworkError when attempting to fetch resource.
1650026498732	Marionette	INFO	Stopped listening on port 51136
console.warn: TopSitesFeed: Failed to fetch data from Contile server: NetworkError when attempting to fetch resource.

###!!! [Parent][PGPUParent] Error: RunMessage(msgname=PGPU::Msg_ShutdownVR) Channel closing: too late to send/recv, messages will be lost

1650026500475	geckodriver	INFO	Listening on 127.0.0.1:51575
1650026503547	mozrunner::runner	INFO	Running command: "C:\\Program Files\\Firefox Developer Edition\\firefox.exe" "--marionette" "--remote-debugging-port" "51576" "--remote-allow-hosts" "localhost" "-no-remote" "-profile" "C:\\Users\\Islambek\\AppData\\Local\\Temp\\rust_mozprofilet2Ox6y"
1650026503839	Marionette	INFO	Marionette enabled
console.warn: SearchSettings: "get: No settings file exists, new profile?" (new NotFoundError("Could not open the file at C:\\Users\\Islambek\\AppData\\Local\\Temp\\rust_mozprofilet2Ox6y\\search.json.mozlz4", (void 0)))
DevTools listening on ws://localhost:51576/devtools/browser/f246f136-db29-47f3-80cb-36a7f7746432
1650026505078	Marionette	INFO	Listening on port 51598
Read port: 51598
1650026505195	RemoteAgent	WARN	TLS certificate errors will be ignored for this session
console.warn: LoginRecipes: "getRecipes: falling back to a synchronous message for:" "https://www.google.com"
JavaScript warning: https://mc.yandex.ru/metrika/tag.js, line 18: WEBGL_debug_renderer_info is deprecated in Firefox and will be removed. Please use RENDERER.
1650026524140	Marionette	INFO	Stopped listening on port 51598

###!!! [Parent][PGPUParent] Error: RunMessage(msgname=PGPU::Msg_ShutdownVR) Channel closing: too late to send/recv, messages will be lost

1650032065080	geckodriver	INFO	Listening on 127.0.0.1:58359
1650032068158	mozrunner::runner	INFO	Running command: "C:\\Program Files\\Firefox Developer Edition\\firefox.exe" "--marionette" "--remote-debugging-port" "58360" "--remote-allow-hosts" "localhost" "-no-remote" "-profile" "C:\\Users\\Islambek\\AppData\\Local\\Temp\\rust_mozprofile9fiDRZ"
1650036739109	geckodriver	INFO	Listening on 127.0.0.1:53692
1650036742170	mozrunner::runner	INFO	Running command: "C:\\Program Files\\Firefox Developer Edition\\firefox.exe" "--marionette" "--remote-debugging-port" "53693" "--remote-allow-hosts" "localhost" "-no-remote" "-profile" "C:\\Users\\Islambek\\AppData\\Local\\Temp\\rust_mozprofileHiSxRa"
1650036742597	Marionette	INFO	Marionette enabled
console.warn: SearchSettings: "get: No settings file exists, new profile?" (new NotFoundError("Could not open the file at C:\\Users\\Islambek\\AppData\\Local\\Temp\\rust_mozprofileHiSxRa\\search.json.mozlz4", (void 0)))
DevTools listening on ws://localhost:53693/devtools/browser/b5de4909-136a-46c4-a1bb-7b8293ba3289
1650036743757	Marionette	INFO	Listening on port 53711
Read port: 53711
1650036743776	RemoteAgent	WARN	TLS certificate errors will be ignored for this session
console.warn: LoginRecipes: "getRecipes: falling back to a synchronous message for:" "https://www.google.com"
JavaScript warning: https://mc.yandex.ru/metrika/tag.js, line 18: WEBGL_debug_renderer_info is deprecated in Firefox and will be removed. Please use RENDERER.
1650036758483	Marionette	INFO	Stopped listening on port 53711
console.warn: TopSitesFeed: Failed to fetch data from Contile server: NetworkError when attempting to fetch resource.
1650036806065	geckodriver	INFO	Listening on 127.0.0.1:53845
1650036809115	mozrunner::runner	INFO	Running command: "C:\\Program Files\\Firefox Developer Edition\\firefox.exe" "--marionette" "--remote-debugging-port" "53846" "--remote-allow-hosts" "localhost" "-no-remote" "-profile" "C:\\Users\\Islambek\\AppData\\Local\\Temp\\rust_mozprofile39Y5dZ"
1650036809461	Marionette	INFO	Marionette enabled
console.warn: SearchSettings: "get: No settings file exists, new profile?" (new NotFoundError("Could not open the file at C:\\Users\\Islambek\\AppData\\Local\\Temp\\rust_mozprofile39Y5dZ\\search.json.mozlz4", (void 0)))
DevTools listening on ws://localhost:53846/devtools/browser/ef296549-614e-4162-963b-8a7f210ead15
1650036810672	Marionette	INFO	Listening on port 53869
Read port: 53869
1650036810782	RemoteAgent	WARN	TLS certificate errors will be ignored for this session
console.warn: LoginRecipes: "getRecipes: falling back to a synchronous message for:" "https://www.google.com"
JavaScript warning: https://mc.yandex.ru/metrika/tag.js, line 18: WEBGL_debug_renderer_info is deprecated in Firefox and will be removed. Please use RENDERER.
1650036825759	Marionette	INFO	Stopped listening on port 53869
